Running on cpu
Training Dataste ... 
Number of samples : 180030
Development Dataste ... 
Number of samples : 30000
CNN(
  (conv_layer1): Conv2d(1, 8, kernel_size=(2, 2), stride=(1, 1))
  (max_pool1): MaxPool2d(kernel_size=(2, 2), stride=1, padding=0, dilation=1, ceil_mode=False)
  (conv_layer2): Conv2d(8, 8, kernel_size=(2, 2), stride=(1, 1))
  (max_pool2): MaxPool2d(kernel_size=(2, 2), stride=1, padding=0, dilation=1, ceil_mode=False)
  (conv_layer3): Conv2d(8, 16, kernel_size=(2, 2), stride=(1, 1))
  (max_pool3): MaxPool2d(kernel_size=(2, 2), stride=1, padding=0, dilation=1, ceil_mode=False)
  (relu1): ReLU()
  (fc1): Linear(in_features=128, out_features=64, bias=True)
)
{'board_size': 8, 'path_save': 'save_models_CNN', 'epoch': 10, 'earlyStopping': 20, 'len_inpout_seq': 1, 'LSTM_conf': {'hidden_dim': 128}}
Adam (
Parameter Group 0
    amsgrad: False
    betas: (0.9, 0.999)
    eps: 1e-08
    lr: 0.0001
    maximize: False
    weight_decay: 0
)
Number of parameters: 9088
epoch : 1/10 - loss = 4.155862356487074
Accuracy Train:2.51%, Dev:2.54% ; Time:7 (last_train:4, last_pred:3)
*************** The best score on DEV 1 :2.543%
epoch : 2/10 - loss = 4.148826440615667
Accuracy Train:4.49%, Dev:4.32% ; Time:14 (last_train:4, last_pred:4)
*************** The best score on DEV 2 :4.32%
epoch : 3/10 - loss = 4.136538908422159
Accuracy Train:5.77%, Dev:5.86% ; Time:21 (last_train:4, last_pred:3)
*************** The best score on DEV 3 :5.86%
epoch : 4/10 - loss = 4.126319523333183
Accuracy Train:7.16%, Dev:6.99% ; Time:28 (last_train:4, last_pred:3)
*************** The best score on DEV 4 :6.99%
epoch : 5/10 - loss = 4.118714352393745
Accuracy Train:7.72%, Dev:7.45% ; Time:35 (last_train:3, last_pred:3)
*************** The best score on DEV 5 :7.453%
epoch : 6/10 - loss = 4.113640964856769
Accuracy Train:8.05%, Dev:7.71% ; Time:42 (last_train:3, last_pred:3)
*************** The best score on DEV 6 :7.71%
epoch : 7/10 - loss = 4.110336606192127
Accuracy Train:8.07%, Dev:7.69% ; Time:49 (last_train:4, last_pred:4)
*************** The best score on DEV 6 :7.71%
epoch : 8/10 - loss = 4.108027470078825
Accuracy Train:8.2%, Dev:7.88% ; Time:56 (last_train:3, last_pred:3)
*************** The best score on DEV 8 :7.877%
epoch : 9/10 - loss = 4.106161945744565
Accuracy Train:8.51%, Dev:8.1% ; Time:63 (last_train:4, last_pred:3)
*************** The best score on DEV 9 :8.1%
epoch : 10/10 - loss = 4.104540659780318
Accuracy Train:8.58%, Dev:8.15% ; Time:70 (last_train:4, last_pred:3)
*************** The best score on DEV 10 :8.153%
Recalculing the best DEV: WAcc : 8.153333333333332%
