Running on cpu
Training Dataste ... 
Number of samples : 180030
Development Dataste ... 
Number of samples : 30000
CNN(
  (conv_layer1): Conv2d(1, 8, kernel_size=(3, 3), stride=(1, 1), padding=(2, 2))
  (batchR1): BatchNorm2d(8, eps=1e-05, momentum=0.1, affine=True, track_running_stats=True)
  (conv_layer2): Conv2d(8, 8, kernel_size=(3, 3), stride=(1, 1), padding=(2, 2))
  (batchR2): BatchNorm2d(8, eps=1e-05, momentum=0.1, affine=True, track_running_stats=True)
  (conv_layer3): Conv2d(8, 16, kernel_size=(3, 3), stride=(1, 1), padding=(2, 2))
  (batchR3): BatchNorm2d(16, eps=1e-05, momentum=0.1, affine=True, track_running_stats=True)
  (conv_layer4): Conv2d(16, 32, kernel_size=(3, 3), stride=(1, 1), padding=(2, 2))
  (batchR4): BatchNorm2d(32, eps=1e-05, momentum=0.1, affine=True, track_running_stats=True)
  (conv_layer5): Conv2d(32, 16, kernel_size=(3, 3), stride=(1, 1), padding=(2, 2))
  (batchR5): BatchNorm2d(16, eps=1e-05, momentum=0.1, affine=True, track_running_stats=True)
  (conv_layer6): Conv2d(16, 16, kernel_size=(3, 3), stride=(1, 1), padding=(2, 2))
  (batchR6): BatchNorm2d(16, eps=1e-05, momentum=0.1, affine=True, track_running_stats=True)
  (fc1): Linear(in_features=6400, out_features=128, bias=True)
  (fc2): Linear(in_features=128, out_features=64, bias=True)
  (Relu): ReLU()
)
{'board_size': 8, 'path_save': 'save_models', 'epoch': 200, 'earlyStopping': 20, 'len_inpout_seq': 1, 'LSTM_conf': {'hidden_dim': 128}}
Adam (
Parameter Group 0
    amsgrad: False
    betas: (0.9, 0.999)
    eps: 1e-08
    lr: 0.001
    maximize: False
    weight_decay: 0
)
Number of parameters: 841192
epoch : 1/200 - loss = 4.062504027358713
Accuracy Train:15.04%, Dev:14.62% ; Time:102 (last_train:75, last_pred:26)
*************** The best score on DEV 1 :14.623%
epoch : 2/200 - loss = 3.9943153210954323
Accuracy Train:21.54%, Dev:20.93% ; Time:201 (last_train:73, last_pred:26)
*************** The best score on DEV 2 :20.927%
epoch : 3/200 - loss = 3.951895765320416
Accuracy Train:25.08%, Dev:24.64% ; Time:304 (last_train:75, last_pred:27)
*************** The best score on DEV 3 :24.64%
epoch : 4/200 - loss = 3.9217906718108795
Accuracy Train:27.7%, Dev:26.6% ; Time:409 (last_train:78, last_pred:27)
*************** The best score on DEV 4 :26.597%
epoch : 5/200 - loss = 3.907416136311032
Accuracy Train:28.77%, Dev:27.6% ; Time:514 (last_train:77, last_pred:27)
*************** The best score on DEV 5 :27.6%
epoch : 6/200 - loss = 3.8936870150949154
Accuracy Train:29.65%, Dev:28.48% ; Time:618 (last_train:77, last_pred:27)
*************** The best score on DEV 6 :28.483%
epoch : 7/200 - loss = 3.8807618855769612
Accuracy Train:31.44%, Dev:29.93% ; Time:723 (last_train:77, last_pred:27)
*************** The best score on DEV 7 :29.927%
epoch : 8/200 - loss = 3.869774330355784
Accuracy Train:32.34%, Dev:30.57% ; Time:828 (last_train:77, last_pred:27)
*************** The best score on DEV 8 :30.573%
epoch : 9/200 - loss = 3.86095116739458
Accuracy Train:34.18%, Dev:32.15% ; Time:934 (last_train:77, last_pred:30)
*************** The best score on DEV 9 :32.147%
epoch : 10/200 - loss = 3.8466959719512603
Accuracy Train:34.77%, Dev:32.62% ; Time:1040 (last_train:78, last_pred:27)
*************** The best score on DEV 10 :32.62%
epoch : 11/200 - loss = 3.834557918960698
Accuracy Train:35.88%, Dev:33.18% ; Time:1146 (last_train:78, last_pred:28)
*************** The best score on DEV 11 :33.18%
epoch : 12/200 - loss = 3.8254113692656118
Accuracy Train:37.12%, Dev:34.21% ; Time:1251 (last_train:78, last_pred:28)
*************** The best score on DEV 12 :34.213%
epoch : 13/200 - loss = 3.816666083983107
Accuracy Train:37.78%, Dev:34.45% ; Time:1357 (last_train:78, last_pred:28)
*************** The best score on DEV 13 :34.447%
epoch : 14/200 - loss = 3.8049132275779494
Accuracy Train:38.55%, Dev:34.94% ; Time:1462 (last_train:78, last_pred:28)
*************** The best score on DEV 14 :34.94%
epoch : 15/200 - loss = 3.7969548596569704
Accuracy Train:39.64%, Dev:35.4% ; Time:1568 (last_train:78, last_pred:28)
*************** The best score on DEV 15 :35.397%
epoch : 16/200 - loss = 3.789059725494596
Accuracy Train:40.01%, Dev:35.51% ; Time:1673 (last_train:78, last_pred:28)
*************** The best score on DEV 16 :35.513%
epoch : 17/200 - loss = 3.7831100658036334
Accuracy Train:40.54%, Dev:35.72% ; Time:1779 (last_train:78, last_pred:28)
*************** The best score on DEV 17 :35.72%
epoch : 18/200 - loss = 3.774755293642715
Accuracy Train:41.67%, Dev:36.1% ; Time:1884 (last_train:78, last_pred:28)
*************** The best score on DEV 18 :36.103%
epoch : 19/200 - loss = 3.7706108733887818
Accuracy Train:42.4%, Dev:36.13% ; Time:1990 (last_train:78, last_pred:28)
*************** The best score on DEV 19 :36.127%
epoch : 20/200 - loss = 3.763295736999723
Accuracy Train:42.61%, Dev:36.43% ; Time:2095 (last_train:78, last_pred:28)
*************** The best score on DEV 20 :36.43%
epoch : 21/200 - loss = 3.75782095296231
Accuracy Train:42.9%, Dev:36.57% ; Time:2200 (last_train:78, last_pred:28)
*************** The best score on DEV 21 :36.57%
epoch : 22/200 - loss = 3.7517356093240246
Accuracy Train:43.7%, Dev:36.7% ; Time:2306 (last_train:78, last_pred:28)
*************** The best score on DEV 22 :36.7%
epoch : 23/200 - loss = 3.747759928663682
Accuracy Train:43.99%, Dev:36.94% ; Time:2414 (last_train:78, last_pred:30)
*************** The best score on DEV 23 :36.943%
epoch : 24/200 - loss = 3.739411557480239
Accuracy Train:44.7%, Dev:37.05% ; Time:2517 (last_train:77, last_pred:26)
*************** The best score on DEV 24 :37.05%
epoch : 25/200 - loss = 3.73684365663502
Accuracy Train:45.26%, Dev:37.11% ; Time:2617 (last_train:73, last_pred:26)
*************** The best score on DEV 25 :37.11%
epoch : 26/200 - loss = 3.7313917977658004
Accuracy Train:45.74%, Dev:37.24% ; Time:2717 (last_train:73, last_pred:26)
*************** The best score on DEV 26 :37.243%
epoch : 27/200 - loss = 3.7279918517432384
Accuracy Train:46.08%, Dev:37.34% ; Time:2816 (last_train:73, last_pred:26)
*************** The best score on DEV 27 :37.343%
epoch : 28/200 - loss = 3.723497433015184
Accuracy Train:46.02%, Dev:37.3% ; Time:2916 (last_train:73, last_pred:26)
*************** The best score on DEV 27 :37.343%
epoch : 29/200 - loss = 3.7200358098893944
Accuracy Train:46.92%, Dev:37.68% ; Time:3015 (last_train:73, last_pred:26)
*************** The best score on DEV 29 :37.677%
epoch : 30/200 - loss = 3.716004783096736
Accuracy Train:46.95%, Dev:37.47% ; Time:3116 (last_train:75, last_pred:26)
*************** The best score on DEV 29 :37.677%
epoch : 31/200 - loss = 3.7105607821340376
Accuracy Train:47.65%, Dev:37.83% ; Time:3215 (last_train:73, last_pred:26)
*************** The best score on DEV 31 :37.83%
epoch : 32/200 - loss = 3.706600948053714
Accuracy Train:47.67%, Dev:37.79% ; Time:3314 (last_train:73, last_pred:26)
*************** The best score on DEV 31 :37.83%
epoch : 33/200 - loss = 3.704430835068721
Accuracy Train:47.77%, Dev:37.57% ; Time:3413 (last_train:73, last_pred:26)
*************** The best score on DEV 31 :37.83%
epoch : 34/200 - loss = 3.702205078093299
Accuracy Train:48.36%, Dev:37.8% ; Time:3511 (last_train:73, last_pred:26)
*************** The best score on DEV 31 :37.83%
epoch : 35/200 - loss = 3.6976828396815673
Accuracy Train:48.55%, Dev:37.91% ; Time:3610 (last_train:73, last_pred:26)
*************** The best score on DEV 35 :37.907%
epoch : 36/200 - loss = 3.694622525217791
Accuracy Train:49.15%, Dev:37.96% ; Time:3709 (last_train:73, last_pred:26)
*************** The best score on DEV 36 :37.963%
epoch : 37/200 - loss = 3.6906142796175634
Accuracy Train:49.13%, Dev:38.07% ; Time:3816 (last_train:79, last_pred:28)
*************** The best score on DEV 37 :38.067%
epoch : 38/200 - loss = 3.6865817681574096
Accuracy Train:49.98%, Dev:38.37% ; Time:3921 (last_train:78, last_pred:28)
*************** The best score on DEV 38 :38.367%
epoch : 39/200 - loss = 3.684007293299625
Accuracy Train:49.38%, Dev:38.05% ; Time:4026 (last_train:77, last_pred:28)
*************** The best score on DEV 38 :38.367%
epoch : 40/200 - loss = 3.6817250932022474
Accuracy Train:50.18%, Dev:37.95% ; Time:4131 (last_train:78, last_pred:28)
*************** The best score on DEV 38 :38.367%
epoch : 41/200 - loss = 3.6787955391109817
Accuracy Train:50.15%, Dev:37.96% ; Time:4236 (last_train:77, last_pred:27)
*************** The best score on DEV 38 :38.367%
epoch : 42/200 - loss = 3.6770922437599163
Accuracy Train:50.31%, Dev:38.11% ; Time:4341 (last_train:78, last_pred:28)
*************** The best score on DEV 38 :38.367%
epoch : 43/200 - loss = 3.674401720474962
Accuracy Train:50.41%, Dev:38.16% ; Time:4447 (last_train:78, last_pred:28)
*************** The best score on DEV 38 :38.367%
epoch : 44/200 - loss = 3.672477450727426
Accuracy Train:50.37%, Dev:38.06% ; Time:4553 (last_train:78, last_pred:28)
*************** The best score on DEV 38 :38.367%
epoch : 45/200 - loss = 3.6696365546651823
Accuracy Train:50.92%, Dev:38.07% ; Time:4658 (last_train:78, last_pred:28)
*************** The best score on DEV 38 :38.367%
epoch : 46/200 - loss = 3.6676159598490536
Accuracy Train:51.09%, Dev:38.08% ; Time:4764 (last_train:78, last_pred:28)
*************** The best score on DEV 38 :38.367%
epoch : 47/200 - loss = 3.6653107969384444
Accuracy Train:51.14%, Dev:38.15% ; Time:4869 (last_train:78, last_pred:28)
*************** The best score on DEV 38 :38.367%
epoch : 48/200 - loss = 3.663621344394631
Accuracy Train:51.38%, Dev:37.76% ; Time:4975 (last_train:78, last_pred:28)
*************** The best score on DEV 38 :38.367%
epoch : 49/200 - loss = 3.661899060753904
Accuracy Train:51.55%, Dev:38.21% ; Time:5080 (last_train:78, last_pred:28)
*************** The best score on DEV 38 :38.367%
epoch : 50/200 - loss = 3.6595973486385187
Accuracy Train:51.66%, Dev:38.08% ; Time:5186 (last_train:78, last_pred:28)
*************** The best score on DEV 38 :38.367%
epoch : 51/200 - loss = 3.658593487541431
Accuracy Train:51.45%, Dev:37.94% ; Time:5292 (last_train:79, last_pred:26)
*************** The best score on DEV 38 :38.367%
epoch : 52/200 - loss = 3.657111270936242
Accuracy Train:51.84%, Dev:37.96% ; Time:5391 (last_train:73, last_pred:26)
*************** The best score on DEV 38 :38.367%
epoch : 53/200 - loss = 3.6558439143806942
Accuracy Train:52.12%, Dev:38.21% ; Time:5490 (last_train:73, last_pred:26)
*************** The best score on DEV 38 :38.367%
epoch : 54/200 - loss = 3.6547237961576258
Accuracy Train:51.72%, Dev:38.02% ; Time:5589 (last_train:73, last_pred:26)
*************** The best score on DEV 38 :38.367%
epoch : 55/200 - loss = 3.6534003412294256
Accuracy Train:52.58%, Dev:38.01% ; Time:5689 (last_train:73, last_pred:26)
*************** The best score on DEV 38 :38.367%
epoch : 56/200 - loss = 3.6517988677830577
Accuracy Train:52.76%, Dev:38.26% ; Time:5788 (last_train:73, last_pred:26)
*************** The best score on DEV 38 :38.367%
epoch : 57/200 - loss = 3.6505289090967574
Accuracy Train:52.09%, Dev:38.05% ; Time:5889 (last_train:75, last_pred:26)
*************** The best score on DEV 38 :38.367%
epoch : 58/200 - loss = 3.6509224523137482
Accuracy Train:52.64%, Dev:38.05% ; Time:6027 (last_train:111, last_pred:26)
*************** The best score on DEV 38 :38.367%
epoch : 59/200 - loss = 3.6478220425814474
Accuracy Train:52.58%, Dev:38.17% ; Time:6129 (last_train:75, last_pred:26)
Recalculing the best DEV: WAcc : 38.36666666666667%
